<?xml version="1.0" encoding="UTF-8"?>
<!-- Generated by org.testng.reporters.JUnitReportReporter -->
<testsuite skipped="0" hostname="manipanjala-PC" name="LoginTestCase" tests="1" failures="0" timestamp="02 Apr 2019 06:54:57 GMT" time="162.698" errors="0">
  <testcase name="launchApp" time="162.698" classname="LoginTestCase"/>
</testsuite> <!-- LoginTestCase -->
